<?xml version="1.0" encoding="UTF-8"?>
<testng-results ignored="0" total="1" passed="1" failed="0" skipped="0">
  <reporter-output>
  </reporter-output>
  <suite started-at="2023-02-06T16:42:34 CST" name="Default suite" finished-at="2023-02-06T16:42:38 CST" duration-ms="4053">
    <groups>
    </groups>
    <test started-at="2023-02-06T16:42:34 CST" name="Default test" finished-at="2023-02-06T16:42:38 CST" duration-ms="4053">
      <class name="tests.UsersTests">
        <test-method is-config="true" signature="setUpClass()[pri:0, instance:tests.UsersTests@4e91d63f]" started-at="2023-02-06T16:42:34 CST" name="setUpClass" finished-at="2023-02-06T16:42:38 CST" duration-ms="4019" status="PASS">
          <reporter-output>
          </reporter-output>
        </test-method> <!-- setUpClass -->
        <test-method signature="registrerUser()[pri:0, instance:tests.UsersTests@4e91d63f]" started-at="2023-02-06T16:42:38 CST" name="registrerUser" finished-at="2023-02-06T16:42:38 CST" duration-ms="7" status="PASS">
          <reporter-output>
          </reporter-output>
        </test-method> <!-- registrerUser -->
      </class> <!-- tests.UsersTests -->
    </test> <!-- Default test -->
  </suite> <!-- Default suite -->
</testng-results>
